C51 COMPILER V9.52.0.0   DELAY                                                             11/14/2016 14:22:45 PAGE 1   


C51 COMPILER V9.52.0.0, COMPILATION OF MODULE DELAY
OBJECT MODULE PLACED IN Delay.OBJ
COMPILER INVOKED BY: C:\Keil\C51\BIN\C51.EXE Delay.c BROWSE DEBUG OBJECTEXTEND TABS(2)

line level    source

   1          /*****************************************
   2          创建：陈志强
   3          时间：2010.6.12
   4          功能：NRF24L01延时函
   5          *****************************************/
   6          #include"reg52.h"
   7          #include"Allhead.h"
   8          /***************************延时函数****************/
   9          void Delay(unint t)
  10          {
  11   1        unint x,y;
  12   1        for(x=t;x>0;x--)
  13   1         for(y=110;y>0;y--);
  14   1      }
  15          /**********************************************
  16             DS18B20专用延时子函数
  17          **********************************************/
  18          void DDelay(unint t) 
  19          { 
  20   1        unint n;
  21   1        n=0; 
  22   1        while(n<t) 
  23   1        {
  24   2          n++;
  25   2        } 
  26   1      }


MODULE INFORMATION:   STATIC OVERLAYABLE
   CODE SIZE        =     48    ----
   CONSTANT SIZE    =   ----    ----
   XDATA SIZE       =   ----    ----
   PDATA SIZE       =   ----    ----
   DATA SIZE        =   ----    ----
   IDATA SIZE       =   ----    ----
   BIT SIZE         =   ----    ----
END OF MODULE INFORMATION.


C51 COMPILATION COMPLETE.  0 WARNING(S),  0 ERROR(S)
