C51 COMPILER V9.52.0.0   ____                                                              11/14/2016 16:30:39 PAGE 1   


C51 COMPILER V9.52.0.0, COMPILATION OF MODULE ____
OBJECT MODULE PLACED IN 发射.OBJ
COMPILER INVOKED BY: C:\Keil\C51\BIN\C51.EXE 发射.c BROWSE DEBUG OBJECTEXTEND TABS(2)

line level    source

   1          /*****************************************
   2          创建：陈志强
   3          时间：2010.6.12
   4          功能：NRF24L01射频模块C文件(发射部分)
   5          *****************************************/
   6          #include"reg52.h"
   7          #include"Allhead.h"
   8          /*********************主函数***************************/
   9          sbit KEY=P3^7;
  10          void main()
  11          {
  12   1       //  unint ReadTempDate;//读取温度
  13   1         char TxDate[4];
  14   1         NRF24L01Int();
  15   1         while(1)
  16   1          {
  17   2           TxDate[0]=(char)KEY;
  18   2           NRFSetTxMode(TxDate);//发送温度
  19   2           while(CheckACK()); //检测是否发送完毕
  20   2        }
  21   1      
  22   1      }


MODULE INFORMATION:   STATIC OVERLAYABLE
   CODE SIZE        =     26    ----
   CONSTANT SIZE    =   ----    ----
   XDATA SIZE       =   ----    ----
   PDATA SIZE       =   ----    ----
   DATA SIZE        =   ----       4
   IDATA SIZE       =   ----    ----
   BIT SIZE         =   ----    ----
END OF MODULE INFORMATION.


C51 COMPILATION COMPLETE.  0 WARNING(S),  0 ERROR(S)
