C51 COMPILER V9.52.0.0   MAX232                                                            11/14/2016 15:32:09 PAGE 1   


C51 COMPILER V9.52.0.0, COMPILATION OF MODULE MAX232
OBJECT MODULE PLACED IN MAX232.OBJ
COMPILER INVOKED BY: C:\Keil\C51\BIN\C51.EXE MAX232.c BROWSE DEBUG OBJECTEXTEND TABS(2)

line level    source

   1          /********************************************************************
   2          创建人：陈志强
   3          时间：2010.5.17
   4          功能：MAX232驱动
   5          *********************************************************************/
   6          #include"reg52.h"
   7          #include"allhead.h" 
   8          unchar RevFlags;
   9          
  10          typedef bit BOOL;
  11          typedef unsigned char BYTE;
  12          typedef unsigned int WORD;
  13          sfr AUXR=0x8e;
  14          sbit RXB = P3^0; //??????
  15          sbit TXB = P3^1;
  16          
  17          //#define BAUD 0xF400 // 1200bps @ 11 .0592MHz
  18          //#define BAUD 0xFA00 // 2400bps @ 11 .0592MHz
  19          #define BAUD 0xFD00 // 4800bps @ 11 .0592MHz
  20          //#define BAUD 0xFE80 // 9600bps @ 11 .0592MHz
  21          //#define BAUD 0xFF40 //19200bps @ 11 .0592MHz
  22          //#define BAUD 0xFFA0 //38400bps @ 11 .0592MHz
  23          //#define BAUD 0xEC00 // 1200bps @ 18.432MHz
  24          //#define BAUD 0xF600 // 2400bps @ 18.432MHz
  25          //#define BAUD 0xFB00 // 4800bps @ 18.432MHz
  26          //#define BAUD 0xFD80 // 9600bps @ 18.432MHz
  27          //#define BAUD 0xFEC0 //19200bps @ 18.432MHz
  28          //#define BAUD 0xFF60 //38400bps @ 18.432MHz
  29          //#define BAUD 0xE800 // 1200bps @ 22.11 84MHz
  30          //#define BAUD 0xF400 // 2400bps @ 22.11 84MHz
  31          //#define BAUD 0xFA00 // 4800bps @ 22.11 84MHz
  32          //#define BAUD 0xFD00 // 9600bps @ 22.11 84MHz
  33          //#define BAUD 0xFE80 //19200bps @ 22.11 84MHz
  34          //#define BAUD 0xFF40 //38400bps @ 22.11 84MHz
  35          //#define BAUD 0xFF80 //57600bps @ 22.11 84MHz
  36          
  37          BYTE TBUF,RBUF;
  38          BYTE TDAT,RDAT;
  39          BYTE TCNT,RCNT;
  40          BYTE TBIT,RBIT;
  41          BOOL TING,RING;
  42          BOOL TEND,REND;
  43          BOOL CT;
  44          BYTE t, r;
  45          BYTE buf[16]="1234567890qwerty";
  46          
  47          void Max232Int()
  48          {
  49   1          TMOD = 0x00; //???????1??????0??????16???????
  50   1          AUXR = 0x80; //AUXR?????7?6?---0??12???12T??51?IO?--1??????1T
  51   1          TL0 = BAUD;
  52   1          TH0 = BAUD>>8; //????????--????????
  53   1          TR0 = 1;    //?????0
  54   1          ET0 = 1;    //??T0????
  55   1          PT0 = 1;    //?????
C51 COMPILER V9.52.0.0   MAX232                                                            11/14/2016 15:32:09 PAGE 2   

  56   1          EA = 1;     //??????
  57   1          TING = 0;
  58   1          RING = 0;
  59   1          TEND = 1;
  60   1          REND = 0;
  61   1          TCNT = 0;
  62   1          RCNT = 0;
  63   1      }
  64          void Max232SendChar(unchar date)
  65          {
  66   1          BYTE j=0;
  67   1          WORD i=0;
  68   1          TING = 1; 
  69   1          TBUF = date;
  70   1          i=6000;
  71   1          while(i--);  //??????--???????
  72   1          if (j>16)
  73   1            j=0;
  74   1      }
  75          void tm0() interrupt 1 using 1    
  76          {
  77   1          if (RING)
  78   1          {
  79   2              if (--RCNT == 0)   //??---?????1
  80   2              {
  81   3                  RCNT = 3;  
  82   3                  if (--RBIT == 0)   //????????---????---??9?--8????---1????
  83   3                  {
  84   4                      RBUF = RDAT;   //?????
  85   4                      RING = 0;   
  86   4                      REND = 1;  
  87   4                  }
  88   3                  else//????9??????---????????--???
  89   3                  {
  90   4                      RDAT >>= 1; 
  91   4                      if (RXB) 
  92   4                          RDAT |= 0x80; 
  93   4      //????????????0??1
  94   4                  }
  95   3              }
  96   2          }
  97   1          else if (!RXB) 
  98   1          {
  99   2              RING = 1;  
 100   2              RCNT = 4;  
 101   2              RBIT = 9;  
 102   2          }
 103   1          if (--TCNT == 0)  //??
 104   1          {
 105   2              TCNT = 3;  
 106   2              if (TING)  
 107   2              {
 108   3                  if (TBIT == 0)//9???????
 109   3                  {
 110   4                      TXB = 0;   //?????
 111   4                      TDAT = TBUF;  //??
 112   4                      TBIT = 9;   //????????????8+1
 113   4                      TEND = 0;  
 114   4                  }
 115   3                  else
 116   3                  {
 117   4                      TDAT >>= 1;   //??---??????
C51 COMPILER V9.52.0.0   MAX232                                                            11/14/2016 15:32:09 PAGE 3   

 118   4                      if (--TBIT == 0)
 119   4                      {
 120   5                          TXB = 1;
 121   5                          TING = 0;  
 122   5                          TEND = 1;  
 123   5                      }
 124   4                      else
 125   4                      {
 126   5                          TXB = CY;  //CY????????7?
 127   5                      }
 128   4                  }
 129   3              }
 130   2          }
 131   1      }
 132          void MAX232SendDate()
 133          {
 134   1          Max232SendChar(01);
 135   1      }


MODULE INFORMATION:   STATIC OVERLAYABLE
   CODE SIZE        =    167    ----
   CONSTANT SIZE    =   ----    ----
   XDATA SIZE       =   ----    ----
   PDATA SIZE       =   ----    ----
   DATA SIZE        =     27    ----
   IDATA SIZE       =   ----    ----
   BIT SIZE         =      5    ----
END OF MODULE INFORMATION.


C51 COMPILATION COMPLETE.  0 WARNING(S),  0 ERROR(S)
