C51 COMPILER V9.52.0.0   ____                                                              11/14/2016 16:35:17 PAGE 1   


C51 COMPILER V9.52.0.0, COMPILATION OF MODULE ____
OBJECT MODULE PLACED IN ½ÓÊÕ.OBJ
COMPILER INVOKED BY: C:\Keil\C51\BIN\C51.EXE ½ÓÊÕ.c BROWSE DEBUG OBJECTEXTEND TABS(2)

line level    source

   1          /*****************************************
   2          ´´½¨£º³ÂÖ¾Ç¿
   3          Ê±¼ä£º2010.6.12
   4          ¹¦ÄÜ£º¹¤³ÌÖ÷º¯Êý(Ö÷»ú½ÓÊÕ²¿·Ö)
   5          *****************************************/
   6          #include"reg52.h"
   7          #include"Allhead.h"
   8          sbit RELAY=P3^7;
   9          /************************Ö÷º¯Êý********************/
  10          void main()
  11          {
  12   1        //LCD1602Int();
  13   1      //   *(RevTempDate+4)='\0';
  14   1         NRF24L01Int();
  15   1         Max232Int();//´®¿Ú³õÊ¼»¯
  16   1         while(1)
  17   1          {
  18   2          NRFSetRXMode();//ÉèÖÃÎª½ÓÊÕÄ£Ê½
  19   2          GetDate();//¿ªÊ¼½ÓÊÜÊ
  20   2          if(RevTempDate[0]==0)
  21   2            RELAY=0;
  22   2          else
  23   2            RELAY=1;
  24   2        }
  25   1      }


MODULE INFORMATION:   STATIC OVERLAYABLE
   CODE SIZE        =     24    ----
   CONSTANT SIZE    =   ----    ----
   XDATA SIZE       =   ----    ----
   PDATA SIZE       =   ----    ----
   DATA SIZE        =   ----    ----
   IDATA SIZE       =   ----    ----
   BIT SIZE         =   ----    ----
END OF MODULE INFORMATION.


C51 COMPILATION COMPLETE.  0 WARNING(S),  0 ERROR(S)
